2021-09-21 02:06:11.830  INFO 4080 --- [restartedMain] c.r.ecoreforma.EcoReformaApplication     : Starting EcoReformaApplication using Java 11.0.12 on LAPTOP-4KJ1FAAL with PID 4080 (C:\ProyecteJava\TFG\eco-reforma\eco-reforma\target\classes started by atcac in C:\ProyecteJava\TFG\eco-reforma\eco-reforma)
2021-09-21 02:06:11.838  INFO 4080 --- [restartedMain] c.r.ecoreforma.EcoReformaApplication     : No active profile set, falling back to default profiles: default
2021-09-21 02:06:11.895  INFO 4080 --- [restartedMain] o.s.b.devtools.restart.ChangeableUrls    : The Class-Path manifest attribute in C:\Users\atcac\.m2\repository\com\sun\xml\bind\jaxb-core\2.3.0\jaxb-core-2.3.0.jar referenced one or more files that do not exist: file:/C:/Users/atcac/.m2/repository/com/sun/xml/bind/jaxb-core/2.3.0/jaxb-api.jar
2021-09-21 02:06:11.896  INFO 4080 --- [restartedMain] o.s.b.devtools.restart.ChangeableUrls    : The Class-Path manifest attribute in C:\Users\atcac\.m2\repository\com\sun\xml\bind\jaxb-impl\2.3.0\jaxb-impl-2.3.0.jar referenced one or more files that do not exist: file:/C:/Users/atcac/.m2/repository/com/sun/xml/bind/jaxb-impl/2.3.0/jaxb-core.jar
2021-09-21 02:06:11.897  INFO 4080 --- [restartedMain] .e.DevToolsPropertyDefaultsPostProcessor : Devtools property defaults active! Set 'spring.devtools.add-properties' to 'false' to disable
2021-09-21 02:06:11.897  INFO 4080 --- [restartedMain] .e.DevToolsPropertyDefaultsPostProcessor : For additional web related logging consider setting the 'logging.level.web' property to 'DEBUG'
2021-09-21 02:06:12.722  INFO 4080 --- [restartedMain] .s.d.r.c.RepositoryConfigurationDelegate : Bootstrapping Spring Data JPA repositories in DEFAULT mode.
2021-09-21 02:06:12.810  INFO 4080 --- [restartedMain] .s.d.r.c.RepositoryConfigurationDelegate : Finished Spring Data repository scanning in 81 ms. Found 4 JPA repository interfaces.
2021-09-21 02:06:13.219  INFO 4080 --- [restartedMain] trationDelegate$BeanPostProcessorChecker : Bean 'org.springframework.security.access.expression.method.DefaultMethodSecurityExpressionHandler@6bee92cf' of type [org.springframework.security.access.expression.method.DefaultMethodSecurityExpressionHandler] is not eligible for getting processed by all BeanPostProcessors (for example: not eligible for auto-proxying)
2021-09-21 02:06:13.227  INFO 4080 --- [restartedMain] trationDelegate$BeanPostProcessorChecker : Bean 'methodSecurityMetadataSource' of type [org.springframework.security.access.method.DelegatingMethodSecurityMetadataSource] is not eligible for getting processed by all BeanPostProcessors (for example: not eligible for auto-proxying)
2021-09-21 02:06:13.570  INFO 4080 --- [restartedMain] o.s.b.w.embedded.tomcat.TomcatWebServer  : Tomcat initialized with port(s): 8080 (http)
2021-09-21 02:06:13.584  INFO 4080 --- [restartedMain] o.apache.catalina.core.StandardService   : Starting service [Tomcat]
2021-09-21 02:06:13.584  INFO 4080 --- [restartedMain] org.apache.catalina.core.StandardEngine  : Starting Servlet engine: [Apache Tomcat/9.0.48]
2021-09-21 02:06:13.701  INFO 4080 --- [restartedMain] o.a.c.c.C.[Tomcat].[localhost].[/]       : Initializing Spring embedded WebApplicationContext
2021-09-21 02:06:13.702  INFO 4080 --- [restartedMain] w.s.c.ServletWebServerApplicationContext : Root WebApplicationContext: initialization completed in 1804 ms
2021-09-21 02:06:13.870  INFO 4080 --- [restartedMain] o.f.c.internal.license.VersionPrinter    : Flyway Community Edition 7.7.3 by Redgate
2021-09-21 02:06:13.879  INFO 4080 --- [restartedMain] com.zaxxer.hikari.HikariDataSource       : HikariPool-1 - Starting...
2021-09-21 02:06:14.445  INFO 4080 --- [restartedMain] com.zaxxer.hikari.HikariDataSource       : HikariPool-1 - Start completed.
2021-09-21 02:06:14.578  INFO 4080 --- [restartedMain] o.f.c.i.database.base.DatabaseType       : Database: jdbc:mysql://localhost:3306/serviciosdb (MySQL 8.0)
2021-09-21 02:06:14.748  INFO 4080 --- [restartedMain] o.f.core.internal.command.DbValidate     : Successfully validated 5 migrations (execution time 00:00.082s)
2021-09-21 02:06:14.769  INFO 4080 --- [restartedMain] o.f.core.internal.command.DbMigrate      : Current version of schema `serviciosdb`: 5
2021-09-21 02:06:14.772  INFO 4080 --- [restartedMain] o.f.core.internal.command.DbMigrate      : Schema `serviciosdb` is up to date. No migration necessary.
2021-09-21 02:06:14.974  INFO 4080 --- [restartedMain] o.hibernate.jpa.internal.util.LogHelper  : HHH000204: Processing PersistenceUnitInfo [name: default]
2021-09-21 02:06:15.101  INFO 4080 --- [restartedMain] org.hibernate.Version                    : HHH000412: Hibernate ORM core version 5.4.32.Final
2021-09-21 02:06:15.425  INFO 4080 --- [restartedMain] o.hibernate.annotations.common.Version   : HCANN000001: Hibernate Commons Annotations {5.1.2.Final}
2021-09-21 02:06:15.648  INFO 4080 --- [restartedMain] org.hibernate.dialect.Dialect            : HHH000400: Using dialect: org.hibernate.dialect.MySQL8Dialect
2021-09-21 02:06:16.780  INFO 4080 --- [restartedMain] o.h.e.t.j.p.i.JtaPlatformInitiator       : HHH000490: Using JtaPlatform implementation: [org.hibernate.engine.transaction.jta.platform.internal.NoJtaPlatform]
2021-09-21 02:06:16.790  INFO 4080 --- [restartedMain] j.LocalContainerEntityManagerFactoryBean : Initialized JPA EntityManagerFactory for persistence unit 'default'
2021-09-21 02:06:17.435  INFO 4080 --- [restartedMain] o.s.s.web.DefaultSecurityFilterChain     : Will secure any request with [org.springframework.security.web.context.request.async.WebAsyncManagerIntegrationFilter@16629d4a, org.springframework.security.web.context.SecurityContextPersistenceFilter@eb5c768, org.springframework.security.web.header.HeaderWriterFilter@13c2829b, org.springframework.security.web.authentication.logout.LogoutFilter@3add5cb5, org.springframework.security.web.authentication.UsernamePasswordAuthenticationFilter@3fc83789, org.springframework.security.web.savedrequest.RequestCacheAwareFilter@3052a58b, org.springframework.security.web.servletapi.SecurityContextHolderAwareRequestFilter@472e45, org.springframework.security.web.authentication.AnonymousAuthenticationFilter@d45c5f9, org.springframework.security.web.session.SessionManagementFilter@753c1ad6, org.springframework.security.web.access.ExceptionTranslationFilter@30ed93b7, org.springframework.security.web.access.intercept.FilterSecurityInterceptor@4105705e]
2021-09-21 02:06:17.909  INFO 4080 --- [restartedMain] o.s.b.d.a.OptionalLiveReloadServer       : LiveReload server is running on port 35729
2021-09-21 02:06:17.958  INFO 4080 --- [restartedMain] o.s.b.w.embedded.tomcat.TomcatWebServer  : Tomcat started on port(s): 8080 (http) with context path ''
2021-09-21 02:06:17.969  INFO 4080 --- [restartedMain] c.r.ecoreforma.EcoReformaApplication     : Started EcoReformaApplication in 6.579 seconds (JVM running for 7.638)
2021-09-21 02:07:15.880  INFO 4080 --- [http-nio-8080-exec-1] o.a.c.c.C.[Tomcat].[localhost].[/]       : Initializing Spring DispatcherServlet 'dispatcherServlet'
2021-09-21 02:07:15.881  INFO 4080 --- [http-nio-8080-exec-1] o.s.web.servlet.DispatcherServlet        : Initializing Servlet 'dispatcherServlet'
2021-09-21 02:07:15.882  INFO 4080 --- [http-nio-8080-exec-1] o.s.web.servlet.DispatcherServlet        : Completed initialization in 1 ms
2021-09-21 02:17:24.941  INFO 4080 --- [http-nio-8080-exec-7] c.r.e.s.Impl.UsuarioSecurityService      : Authenticando al usuario: - Usuario [id=1, username=Ana, password=$2a$12$JF3bJb1efD9nO1tqmzpPouQ/cgbxq0DUojqYp4PexiwpGbyKJEq4K, email=admin@mail.com, roles=[USER, ADMIN]]
2021-09-21 02:18:14.712  INFO 4080 --- [http-nio-8080-exec-6] c.r.e.controller.UsuarioController       : Los presupuestos existenetes en la BD: - 1
2021-09-21 02:19:27.411  INFO 4080 --- [http-nio-8080-exec-3] c.r.e.controller.UsuarioController       : Los presupuestos existenetes en la BD: - 1
2021-09-21 02:20:33.803  INFO 4080 --- [http-nio-8080-exec-4] c.r.e.controller.UsuarioController       : Usuario revisando sus presupuestos - lista: Page 1 of 0 containing UNKNOWN instances
2021-09-21 02:22:32.373  INFO 4080 --- [RMI TCP Connection(26)-127.0.0.1] inMXBeanRegistrar$SpringApplicationAdmin : Application shutdown requested.
2021-09-21 02:22:32.464  INFO 4080 --- [RMI TCP Connection(26)-127.0.0.1] j.LocalContainerEntityManagerFactoryBean : Closing JPA EntityManagerFactory for persistence unit 'default'
2021-09-21 02:22:32.468  INFO 4080 --- [RMI TCP Connection(26)-127.0.0.1] com.zaxxer.hikari.HikariDataSource       : HikariPool-1 - Shutdown initiated...
2021-09-21 02:22:32.480  INFO 4080 --- [RMI TCP Connection(26)-127.0.0.1] com.zaxxer.hikari.HikariDataSource       : HikariPool-1 - Shutdown completed.
2021-09-21 02:25:09.426  INFO 13712 --- [restartedMain] c.r.ecoreforma.EcoReformaApplication     : Starting EcoReformaApplication using Java 11.0.12 on LAPTOP-4KJ1FAAL with PID 13712 (C:\ProyecteJava\TFG\eco-reforma\eco-reforma\target\classes started by atcac in C:\ProyecteJava\TFG\eco-reforma\eco-reforma)
2021-09-21 02:25:09.428  INFO 13712 --- [restartedMain] c.r.ecoreforma.EcoReformaApplication     : No active profile set, falling back to default profiles: default
2021-09-21 02:25:09.473  INFO 13712 --- [restartedMain] o.s.b.devtools.restart.ChangeableUrls    : The Class-Path manifest attribute in C:\Users\atcac\.m2\repository\com\sun\xml\bind\jaxb-core\2.3.0\jaxb-core-2.3.0.jar referenced one or more files that do not exist: file:/C:/Users/atcac/.m2/repository/com/sun/xml/bind/jaxb-core/2.3.0/jaxb-api.jar
2021-09-21 02:25:09.473  INFO 13712 --- [restartedMain] o.s.b.devtools.restart.ChangeableUrls    : The Class-Path manifest attribute in C:\Users\atcac\.m2\repository\com\sun\xml\bind\jaxb-impl\2.3.0\jaxb-impl-2.3.0.jar referenced one or more files that do not exist: file:/C:/Users/atcac/.m2/repository/com/sun/xml/bind/jaxb-impl/2.3.0/jaxb-core.jar
2021-09-21 02:25:09.473  INFO 13712 --- [restartedMain] .e.DevToolsPropertyDefaultsPostProcessor : Devtools property defaults active! Set 'spring.devtools.add-properties' to 'false' to disable
2021-09-21 02:25:09.473  INFO 13712 --- [restartedMain] .e.DevToolsPropertyDefaultsPostProcessor : For additional web related logging consider setting the 'logging.level.web' property to 'DEBUG'
2021-09-21 02:25:10.151  INFO 13712 --- [restartedMain] .s.d.r.c.RepositoryConfigurationDelegate : Bootstrapping Spring Data JPA repositories in DEFAULT mode.
2021-09-21 02:25:10.217  INFO 13712 --- [restartedMain] .s.d.r.c.RepositoryConfigurationDelegate : Finished Spring Data repository scanning in 58 ms. Found 4 JPA repository interfaces.
2021-09-21 02:25:10.559  INFO 13712 --- [restartedMain] trationDelegate$BeanPostProcessorChecker : Bean 'org.springframework.security.access.expression.method.DefaultMethodSecurityExpressionHandler@aa59bfa' of type [org.springframework.security.access.expression.method.DefaultMethodSecurityExpressionHandler] is not eligible for getting processed by all BeanPostProcessors (for example: not eligible for auto-proxying)
2021-09-21 02:25:10.563  INFO 13712 --- [restartedMain] trationDelegate$BeanPostProcessorChecker : Bean 'methodSecurityMetadataSource' of type [org.springframework.security.access.method.DelegatingMethodSecurityMetadataSource] is not eligible for getting processed by all BeanPostProcessors (for example: not eligible for auto-proxying)
2021-09-21 02:25:10.845  INFO 13712 --- [restartedMain] o.s.b.w.embedded.tomcat.TomcatWebServer  : Tomcat initialized with port(s): 8080 (http)
2021-09-21 02:25:10.855  INFO 13712 --- [restartedMain] o.apache.catalina.core.StandardService   : Starting service [Tomcat]
2021-09-21 02:25:10.855  INFO 13712 --- [restartedMain] org.apache.catalina.core.StandardEngine  : Starting Servlet engine: [Apache Tomcat/9.0.48]
2021-09-21 02:25:10.941  INFO 13712 --- [restartedMain] o.a.c.c.C.[Tomcat].[localhost].[/]       : Initializing Spring embedded WebApplicationContext
2021-09-21 02:25:10.942  INFO 13712 --- [restartedMain] w.s.c.ServletWebServerApplicationContext : Root WebApplicationContext: initialization completed in 1468 ms
2021-09-21 02:25:11.059  INFO 13712 --- [restartedMain] o.f.c.internal.license.VersionPrinter    : Flyway Community Edition 7.7.3 by Redgate
2021-09-21 02:25:11.066  INFO 13712 --- [restartedMain] com.zaxxer.hikari.HikariDataSource       : HikariPool-1 - Starting...
2021-09-21 02:25:11.449  INFO 13712 --- [restartedMain] com.zaxxer.hikari.HikariDataSource       : HikariPool-1 - Start completed.
2021-09-21 02:25:11.530  INFO 13712 --- [restartedMain] o.f.c.i.database.base.DatabaseType       : Database: jdbc:mysql://localhost:3306/serviciosdb (MySQL 8.0)
2021-09-21 02:25:11.606  INFO 13712 --- [restartedMain] o.f.core.internal.command.DbValidate     : Successfully validated 5 migrations (execution time 00:00.038s)
2021-09-21 02:25:11.624  INFO 13712 --- [restartedMain] o.f.core.internal.command.DbMigrate      : Current version of schema `serviciosdb`: 5
2021-09-21 02:25:11.626  INFO 13712 --- [restartedMain] o.f.core.internal.command.DbMigrate      : Schema `serviciosdb` is up to date. No migration necessary.
2021-09-21 02:25:11.750  INFO 13712 --- [restartedMain] o.hibernate.jpa.internal.util.LogHelper  : HHH000204: Processing PersistenceUnitInfo [name: default]
2021-09-21 02:25:11.846  INFO 13712 --- [restartedMain] org.hibernate.Version                    : HHH000412: Hibernate ORM core version 5.4.32.Final
2021-09-21 02:25:12.066  INFO 13712 --- [restartedMain] o.hibernate.annotations.common.Version   : HCANN000001: Hibernate Commons Annotations {5.1.2.Final}
2021-09-21 02:25:12.268  INFO 13712 --- [restartedMain] org.hibernate.dialect.Dialect            : HHH000400: Using dialect: org.hibernate.dialect.MySQL8Dialect
2021-09-21 02:25:13.225  INFO 13712 --- [restartedMain] o.h.e.t.j.p.i.JtaPlatformInitiator       : HHH000490: Using JtaPlatform implementation: [org.hibernate.engine.transaction.jta.platform.internal.NoJtaPlatform]
2021-09-21 02:25:13.233  INFO 13712 --- [restartedMain] j.LocalContainerEntityManagerFactoryBean : Initialized JPA EntityManagerFactory for persistence unit 'default'
2021-09-21 02:25:13.933  INFO 13712 --- [restartedMain] o.s.s.web.DefaultSecurityFilterChain     : Will secure any request with [org.springframework.security.web.context.request.async.WebAsyncManagerIntegrationFilter@34f87916, org.springframework.security.web.context.SecurityContextPersistenceFilter@6c097f2f, org.springframework.security.web.header.HeaderWriterFilter@23690d3c, org.springframework.security.web.authentication.logout.LogoutFilter@4bdc7739, org.springframework.security.web.authentication.UsernamePasswordAuthenticationFilter@23587bf5, org.springframework.security.web.savedrequest.RequestCacheAwareFilter@804ad1b, org.springframework.security.web.servletapi.SecurityContextHolderAwareRequestFilter@560eaff, org.springframework.security.web.authentication.AnonymousAuthenticationFilter@47921a9c, org.springframework.security.web.session.SessionManagementFilter@50284521, org.springframework.security.web.access.ExceptionTranslationFilter@190812c5, org.springframework.security.web.access.intercept.FilterSecurityInterceptor@39682fc5]
2021-09-21 02:25:14.332  INFO 13712 --- [restartedMain] o.s.b.d.a.OptionalLiveReloadServer       : LiveReload server is running on port 35729
2021-09-21 02:25:14.369  INFO 13712 --- [restartedMain] o.s.b.w.embedded.tomcat.TomcatWebServer  : Tomcat started on port(s): 8080 (http) with context path ''
2021-09-21 02:25:14.378  INFO 13712 --- [restartedMain] c.r.ecoreforma.EcoReformaApplication     : Started EcoReformaApplication in 5.33 seconds (JVM running for 6.151)
2021-09-21 02:25:18.927  INFO 13712 --- [http-nio-8080-exec-1] o.a.c.c.C.[Tomcat].[localhost].[/]       : Initializing Spring DispatcherServlet 'dispatcherServlet'
2021-09-21 02:25:18.930  INFO 13712 --- [http-nio-8080-exec-1] o.s.web.servlet.DispatcherServlet        : Initializing Servlet 'dispatcherServlet'
2021-09-21 02:25:18.932  INFO 13712 --- [http-nio-8080-exec-1] o.s.web.servlet.DispatcherServlet        : Completed initialization in 2 ms
2021-09-21 02:25:20.598  WARN 13712 --- [http-nio-8080-exec-6] o.a.c.util.SessionIdGeneratorBase        : Creation of SecureRandom instance for session ID generation using [SHA1PRNG] took [107] milliseconds.
2021-09-21 02:25:27.140  INFO 13712 --- [http-nio-8080-exec-1] c.r.e.s.Impl.UsuarioSecurityService      : Authenticando al usuario: - Usuario [id=4, username=Elena, password=$2a$08$fkxOnl2ZoHLS7b9nC7/dy.HBomVRA9jX3NHe7o24te0j/yTzEOrZC, email=elena@mail.com, roles=[USER]]
2021-09-21 02:28:19.550  INFO 13712 --- [http-nio-8080-exec-9] c.r.e.s.Impl.UsuarioSecurityService      : Authenticando al usuario: - Usuario [id=4, username=Elena, password=$2a$08$fkxOnl2ZoHLS7b9nC7/dy.HBomVRA9jX3NHe7o24te0j/yTzEOrZC, email=elena@mail.com, roles=[USER]]
2021-09-21 02:28:19.625  INFO 13712 --- [http-nio-8080-exec-4] c.r.e.s.Impl.PrePresupuestoServiceImpl   : Se esta añadiendo articulos [HABITACION [ID=2, TITULO=SALON, DESCRIPCION=PINTURA REZISTENTE A LA LUZ DEL SOL, SUELOS DE GRÉS., IMG_URL=SALON-4.JPG, PRECIO=3456.1, TIPO=SALON]] a tu lista de favoritos (pre-Presupuesto) 
2021-09-21 02:34:33.679  INFO 13712 --- [Thread-5] j.LocalContainerEntityManagerFactoryBean : Closing JPA EntityManagerFactory for persistence unit 'default'
2021-09-21 02:34:33.683  INFO 13712 --- [Thread-5] com.zaxxer.hikari.HikariDataSource       : HikariPool-1 - Shutdown initiated...
2021-09-21 02:34:33.696  INFO 13712 --- [Thread-5] com.zaxxer.hikari.HikariDataSource       : HikariPool-1 - Shutdown completed.
2021-09-21 02:34:33.771  INFO 13712 --- [restartedMain] c.r.ecoreforma.EcoReformaApplication     : Starting EcoReformaApplication using Java 11.0.12 on LAPTOP-4KJ1FAAL with PID 13712 (C:\ProyecteJava\TFG\eco-reforma\eco-reforma\target\classes started by atcac in C:\ProyecteJava\TFG\eco-reforma\eco-reforma)
2021-09-21 02:34:33.771  INFO 13712 --- [restartedMain] c.r.ecoreforma.EcoReformaApplication     : No active profile set, falling back to default profiles: default
2021-09-21 02:34:33.953  INFO 13712 --- [restartedMain] .s.d.r.c.RepositoryConfigurationDelegate : Bootstrapping Spring Data JPA repositories in DEFAULT mode.
2021-09-21 02:34:33.971  INFO 13712 --- [restartedMain] .s.d.r.c.RepositoryConfigurationDelegate : Finished Spring Data repository scanning in 18 ms. Found 4 JPA repository interfaces.
2021-09-21 02:34:34.026  INFO 13712 --- [restartedMain] trationDelegate$BeanPostProcessorChecker : Bean 'org.springframework.security.access.expression.method.DefaultMethodSecurityExpressionHandler@3d6817ef' of type [org.springframework.security.access.expression.method.DefaultMethodSecurityExpressionHandler] is not eligible for getting processed by all BeanPostProcessors (for example: not eligible for auto-proxying)
2021-09-21 02:34:34.027  INFO 13712 --- [restartedMain] trationDelegate$BeanPostProcessorChecker : Bean 'methodSecurityMetadataSource' of type [org.springframework.security.access.method.DelegatingMethodSecurityMetadataSource] is not eligible for getting processed by all BeanPostProcessors (for example: not eligible for auto-proxying)
2021-09-21 02:34:34.073  INFO 13712 --- [restartedMain] o.s.b.w.embedded.tomcat.TomcatWebServer  : Tomcat initialized with port(s): 8080 (http)
2021-09-21 02:34:34.074  INFO 13712 --- [restartedMain] o.apache.catalina.core.StandardService   : Starting service [Tomcat]
2021-09-21 02:34:34.074  INFO 13712 --- [restartedMain] org.apache.catalina.core.StandardEngine  : Starting Servlet engine: [Apache Tomcat/9.0.48]
2021-09-21 02:34:34.094  INFO 13712 --- [restartedMain] o.a.c.c.C.[Tomcat].[localhost].[/]       : Initializing Spring embedded WebApplicationContext
2021-09-21 02:34:34.094  INFO 13712 --- [restartedMain] w.s.c.ServletWebServerApplicationContext : Root WebApplicationContext: initialization completed in 321 ms
2021-09-21 02:34:34.135  INFO 13712 --- [restartedMain] o.f.c.internal.license.VersionPrinter    : Flyway Community Edition 7.7.3 by Redgate
2021-09-21 02:34:34.137  INFO 13712 --- [restartedMain] com.zaxxer.hikari.HikariDataSource       : HikariPool-2 - Starting...
2021-09-21 02:34:35.194 ERROR 13712 --- [restartedMain] com.zaxxer.hikari.pool.HikariPool        : HikariPool-2 - Exception during pool initialization.

java.sql.SQLException: Access denied for user 'root'@'localhost' (using password: YES)
	at com.mysql.cj.jdbc.exceptions.SQLError.createSQLException(SQLError.java:129) ~[mysql-connector-java-8.0.25.jar:8.0.25]
	at com.mysql.cj.jdbc.exceptions.SQLExceptionsMapping.translateException(SQLExceptionsMapping.java:122) ~[mysql-connector-java-8.0.25.jar:8.0.25]
	at com.mysql.cj.jdbc.ConnectionImpl.createNewIO(ConnectionImpl.java:833) ~[mysql-connector-java-8.0.25.jar:8.0.25]
	at com.mysql.cj.jdbc.ConnectionImpl.<init>(ConnectionImpl.java:453) ~[mysql-connector-java-8.0.25.jar:8.0.25]
	at com.mysql.cj.jdbc.ConnectionImpl.getInstance(ConnectionImpl.java:246) ~[mysql-connector-java-8.0.25.jar:8.0.25]
	at com.mysql.cj.jdbc.NonRegisteringDriver.connect(NonRegisteringDriver.java:198) ~[mysql-connector-java-8.0.25.jar:8.0.25]
	at com.zaxxer.hikari.util.DriverDataSource.getConnection(DriverDataSource.java:138) ~[HikariCP-4.0.3.jar:na]
	at com.zaxxer.hikari.pool.PoolBase.newConnection(PoolBase.java:364) ~[HikariCP-4.0.3.jar:na]
	at com.zaxxer.hikari.pool.PoolBase.newPoolEntry(PoolBase.java:206) ~[HikariCP-4.0.3.jar:na]
	at com.zaxxer.hikari.pool.HikariPool.createPoolEntry(HikariPool.java:476) ~[HikariCP-4.0.3.jar:na]
	at com.zaxxer.hikari.pool.HikariPool.checkFailFast(HikariPool.java:561) ~[HikariCP-4.0.3.jar:na]
	at com.zaxxer.hikari.pool.HikariPool.<init>(HikariPool.java:115) ~[HikariCP-4.0.3.jar:na]
	at com.zaxxer.hikari.HikariDataSource.getConnection(HikariDataSource.java:112) ~[HikariCP-4.0.3.jar:na]
	at org.flywaydb.core.internal.jdbc.JdbcUtils.openConnection(JdbcUtils.java:54) ~[flyway-core-7.7.3.jar:na]
	at org.flywaydb.core.internal.jdbc.JdbcConnectionFactory.<init>(JdbcConnectionFactory.java:69) ~[flyway-core-7.7.3.jar:na]
	at org.flywaydb.core.Flyway.execute(Flyway.java:508) ~[flyway-core-7.7.3.jar:na]
	at org.flywaydb.core.Flyway.migrate(Flyway.java:165) ~[flyway-core-7.7.3.jar:na]
	at org.springframework.boot.autoconfigure.flyway.FlywayMigrationInitializer.afterPropertiesSet(FlywayMigrationInitializer.java:66) ~[spring-boot-autoconfigure-2.5.2.jar:2.5.2]
	at org.springframework.beans.factory.support.AbstractAutowireCapableBeanFactory.invokeInitMethods(AbstractAutowireCapableBeanFactory.java:1845) ~[spring-beans-5.3.8.jar:5.3.8]
	at org.springframework.beans.factory.support.AbstractAutowireCapableBeanFactory.initializeBean(AbstractAutowireCapableBeanFactory.java:1782) ~[spring-beans-5.3.8.jar:5.3.8]
	at org.springframework.beans.factory.support.AbstractAutowireCapableBeanFactory.doCreateBean(AbstractAutowireCapableBeanFactory.java:602) ~[spring-beans-5.3.8.jar:5.3.8]
	at org.springframework.beans.factory.support.AbstractAutowireCapableBeanFactory.createBean(AbstractAutowireCapableBeanFactory.java:524) ~[spring-beans-5.3.8.jar:5.3.8]
	at org.springframework.beans.factory.support.AbstractBeanFactory.lambda$doGetBean$0(AbstractBeanFactory.java:335) ~[spring-beans-5.3.8.jar:5.3.8]
	at org.springframework.beans.factory.support.DefaultSingletonBeanRegistry.getSingleton(DefaultSingletonBeanRegistry.java:234) ~[spring-beans-5.3.8.jar:5.3.8]
	at org.springframework.beans.factory.support.AbstractBeanFactory.doGetBean(AbstractBeanFactory.java:333) ~[spring-beans-5.3.8.jar:5.3.8]
	at org.springframework.beans.factory.support.AbstractBeanFactory.getBean(AbstractBeanFactory.java:208) ~[spring-beans-5.3.8.jar:5.3.8]
	at org.springframework.beans.factory.support.AbstractBeanFactory.doGetBean(AbstractBeanFactory.java:322) ~[spring-beans-5.3.8.jar:5.3.8]
	at org.springframework.beans.factory.support.AbstractBeanFactory.getBean(AbstractBeanFactory.java:208) ~[spring-beans-5.3.8.jar:5.3.8]
	at org.springframework.context.support.AbstractApplicationContext.getBean(AbstractApplicationContext.java:1154) ~[spring-context-5.3.8.jar:5.3.8]
	at org.springframework.context.support.AbstractApplicationContext.finishBeanFactoryInitialization(AbstractApplicationContext.java:908) ~[spring-context-5.3.8.jar:5.3.8]
	at org.springframework.context.support.AbstractApplicationContext.refresh(AbstractApplicationContext.java:583) ~[spring-context-5.3.8.jar:5.3.8]
	at org.springframework.boot.web.servlet.context.ServletWebServerApplicationContext.refresh(ServletWebServerApplicationContext.java:145) ~[spring-boot-2.5.2.jar:2.5.2]
	at org.springframework.boot.SpringApplication.refresh(SpringApplication.java:754) ~[spring-boot-2.5.2.jar:2.5.2]
	at org.springframework.boot.SpringApplication.refreshContext(SpringApplication.java:434) ~[spring-boot-2.5.2.jar:2.5.2]
	at org.springframework.boot.SpringApplication.run(SpringApplication.java:338) ~[spring-boot-2.5.2.jar:2.5.2]
	at org.springframework.boot.SpringApplication.run(SpringApplication.java:1343) ~[spring-boot-2.5.2.jar:2.5.2]
	at org.springframework.boot.SpringApplication.run(SpringApplication.java:1332) ~[spring-boot-2.5.2.jar:2.5.2]
	at com.reforma.ecoreforma.EcoReformaApplication.main(EcoReformaApplication.java:10) ~[classes/:na]
	at java.base/jdk.internal.reflect.NativeMethodAccessorImpl.invoke0(Native Method) ~[na:na]
	at java.base/jdk.internal.reflect.NativeMethodAccessorImpl.invoke(NativeMethodAccessorImpl.java:62) ~[na:na]
	at java.base/jdk.internal.reflect.DelegatingMethodAccessorImpl.invoke(DelegatingMethodAccessorImpl.java:43) ~[na:na]
	at java.base/java.lang.reflect.Method.invoke(Method.java:566) ~[na:na]
	at org.springframework.boot.devtools.restart.RestartLauncher.run(RestartLauncher.java:49) ~[spring-boot-devtools-2.5.2.jar:2.5.2]

2021-09-21 02:34:35.196  WARN 13712 --- [restartedMain] ConfigServletWebServerApplicationContext : Exception encountered during context initialization - cancelling refresh attempt: org.springframework.beans.factory.BeanCreationException: Error creating bean with name 'flywayInitializer' defined in class path resource [org/springframework/boot/autoconfigure/flyway/FlywayAutoConfiguration$FlywayConfiguration.class]: Invocation of init method failed; nested exception is org.flywaydb.core.internal.exception.FlywaySqlException: 
Unable to obtain connection from database: Access denied for user 'root'@'localhost' (using password: YES)
----------------------------------------------------------------------------------------------------------
SQL State  : 28000
Error Code : 1045
Message    : Access denied for user 'root'@'localhost' (using password: YES)

2021-09-21 02:34:35.197  INFO 13712 --- [restartedMain] o.apache.catalina.core.StandardService   : Stopping service [Tomcat]
2021-09-21 02:34:35.206  INFO 13712 --- [restartedMain] ConditionEvaluationReportLoggingListener : 

Error starting ApplicationContext. To display the conditions report re-run your application with 'debug' enabled.
2021-09-21 02:34:35.227 ERROR 13712 --- [restartedMain] o.s.boot.SpringApplication               : Application run failed

org.springframework.beans.factory.BeanCreationException: Error creating bean with name 'flywayInitializer' defined in class path resource [org/springframework/boot/autoconfigure/flyway/FlywayAutoConfiguration$FlywayConfiguration.class]: Invocation of init method failed; nested exception is org.flywaydb.core.internal.exception.FlywaySqlException: 
Unable to obtain connection from database: Access denied for user 'root'@'localhost' (using password: YES)
----------------------------------------------------------------------------------------------------------
SQL State  : 28000
Error Code : 1045
Message    : Access denied for user 'root'@'localhost' (using password: YES)

	at org.springframework.beans.factory.support.AbstractAutowireCapableBeanFactory.initializeBean(AbstractAutowireCapableBeanFactory.java:1786) ~[spring-beans-5.3.8.jar:5.3.8]
	at org.springframework.beans.factory.support.AbstractAutowireCapableBeanFactory.doCreateBean(AbstractAutowireCapableBeanFactory.java:602) ~[spring-beans-5.3.8.jar:5.3.8]
	at org.springframework.beans.factory.support.AbstractAutowireCapableBeanFactory.createBean(AbstractAutowireCapableBeanFactory.java:524) ~[spring-beans-5.3.8.jar:5.3.8]
	at org.springframework.beans.factory.support.AbstractBeanFactory.lambda$doGetBean$0(AbstractBeanFactory.java:335) ~[spring-beans-5.3.8.jar:5.3.8]
	at org.springframework.beans.factory.support.DefaultSingletonBeanRegistry.getSingleton(DefaultSingletonBeanRegistry.java:234) ~[spring-beans-5.3.8.jar:5.3.8]
	at org.springframework.beans.factory.support.AbstractBeanFactory.doGetBean(AbstractBeanFactory.java:333) ~[spring-beans-5.3.8.jar:5.3.8]
	at org.springframework.beans.factory.support.AbstractBeanFactory.getBean(AbstractBeanFactory.java:208) ~[spring-beans-5.3.8.jar:5.3.8]
	at org.springframework.beans.factory.support.AbstractBeanFactory.doGetBean(AbstractBeanFactory.java:322) ~[spring-beans-5.3.8.jar:5.3.8]
	at org.springframework.beans.factory.support.AbstractBeanFactory.getBean(AbstractBeanFactory.java:208) ~[spring-beans-5.3.8.jar:5.3.8]
	at org.springframework.context.support.AbstractApplicationContext.getBean(AbstractApplicationContext.java:1154) ~[spring-context-5.3.8.jar:5.3.8]
	at org.springframework.context.support.AbstractApplicationContext.finishBeanFactoryInitialization(AbstractApplicationContext.java:908) ~[spring-context-5.3.8.jar:5.3.8]
	at org.springframework.context.support.AbstractApplicationContext.refresh(AbstractApplicationContext.java:583) ~[spring-context-5.3.8.jar:5.3.8]
	at org.springframework.boot.web.servlet.context.ServletWebServerApplicationContext.refresh(ServletWebServerApplicationContext.java:145) ~[spring-boot-2.5.2.jar:2.5.2]
	at org.springframework.boot.SpringApplication.refresh(SpringApplication.java:754) ~[spring-boot-2.5.2.jar:2.5.2]
	at org.springframework.boot.SpringApplication.refreshContext(SpringApplication.java:434) ~[spring-boot-2.5.2.jar:2.5.2]
	at org.springframework.boot.SpringApplication.run(SpringApplication.java:338) ~[spring-boot-2.5.2.jar:2.5.2]
	at org.springframework.boot.SpringApplication.run(SpringApplication.java:1343) ~[spring-boot-2.5.2.jar:2.5.2]
	at org.springframework.boot.SpringApplication.run(SpringApplication.java:1332) ~[spring-boot-2.5.2.jar:2.5.2]
	at com.reforma.ecoreforma.EcoReformaApplication.main(EcoReformaApplication.java:10) ~[classes/:na]
	at java.base/jdk.internal.reflect.NativeMethodAccessorImpl.invoke0(Native Method) ~[na:na]
	at java.base/jdk.internal.reflect.NativeMethodAccessorImpl.invoke(NativeMethodAccessorImpl.java:62) ~[na:na]
	at java.base/jdk.internal.reflect.DelegatingMethodAccessorImpl.invoke(DelegatingMethodAccessorImpl.java:43) ~[na:na]
	at java.base/java.lang.reflect.Method.invoke(Method.java:566) ~[na:na]
	at org.springframework.boot.devtools.restart.RestartLauncher.run(RestartLauncher.java:49) ~[spring-boot-devtools-2.5.2.jar:2.5.2]
Caused by: org.flywaydb.core.internal.exception.FlywaySqlException: 
Unable to obtain connection from database: Access denied for user 'root'@'localhost' (using password: YES)
----------------------------------------------------------------------------------------------------------
SQL State  : 28000
Error Code : 1045
Message    : Access denied for user 'root'@'localhost' (using password: YES)

	at org.flywaydb.core.internal.jdbc.JdbcUtils.openConnection(JdbcUtils.java:68) ~[flyway-core-7.7.3.jar:na]
	at org.flywaydb.core.internal.jdbc.JdbcConnectionFactory.<init>(JdbcConnectionFactory.java:69) ~[flyway-core-7.7.3.jar:na]
	at org.flywaydb.core.Flyway.execute(Flyway.java:508) ~[flyway-core-7.7.3.jar:na]
	at org.flywaydb.core.Flyway.migrate(Flyway.java:165) ~[flyway-core-7.7.3.jar:na]
	at org.springframework.boot.autoconfigure.flyway.FlywayMigrationInitializer.afterPropertiesSet(FlywayMigrationInitializer.java:66) ~[spring-boot-autoconfigure-2.5.2.jar:2.5.2]
	at org.springframework.beans.factory.support.AbstractAutowireCapableBeanFactory.invokeInitMethods(AbstractAutowireCapableBeanFactory.java:1845) ~[spring-beans-5.3.8.jar:5.3.8]
	at org.springframework.beans.factory.support.AbstractAutowireCapableBeanFactory.initializeBean(AbstractAutowireCapableBeanFactory.java:1782) ~[spring-beans-5.3.8.jar:5.3.8]
	... 23 common frames omitted
Caused by: java.sql.SQLException: Access denied for user 'root'@'localhost' (using password: YES)
	at com.mysql.cj.jdbc.exceptions.SQLError.createSQLException(SQLError.java:129) ~[mysql-connector-java-8.0.25.jar:8.0.25]
	at com.mysql.cj.jdbc.exceptions.SQLExceptionsMapping.translateException(SQLExceptionsMapping.java:122) ~[mysql-connector-java-8.0.25.jar:8.0.25]
	at com.mysql.cj.jdbc.ConnectionImpl.createNewIO(ConnectionImpl.java:833) ~[mysql-connector-java-8.0.25.jar:8.0.25]
	at com.mysql.cj.jdbc.ConnectionImpl.<init>(ConnectionImpl.java:453) ~[mysql-connector-java-8.0.25.jar:8.0.25]
	at com.mysql.cj.jdbc.ConnectionImpl.getInstance(ConnectionImpl.java:246) ~[mysql-connector-java-8.0.25.jar:8.0.25]
	at com.mysql.cj.jdbc.NonRegisteringDriver.connect(NonRegisteringDriver.java:198) ~[mysql-connector-java-8.0.25.jar:8.0.25]
	at com.zaxxer.hikari.util.DriverDataSource.getConnection(DriverDataSource.java:138) ~[HikariCP-4.0.3.jar:na]
	at com.zaxxer.hikari.pool.PoolBase.newConnection(PoolBase.java:364) ~[HikariCP-4.0.3.jar:na]
	at com.zaxxer.hikari.pool.PoolBase.newPoolEntry(PoolBase.java:206) ~[HikariCP-4.0.3.jar:na]
	at com.zaxxer.hikari.pool.HikariPool.createPoolEntry(HikariPool.java:476) ~[HikariCP-4.0.3.jar:na]
	at com.zaxxer.hikari.pool.HikariPool.checkFailFast(HikariPool.java:561) ~[HikariCP-4.0.3.jar:na]
	at com.zaxxer.hikari.pool.HikariPool.<init>(HikariPool.java:115) ~[HikariCP-4.0.3.jar:na]
	at com.zaxxer.hikari.HikariDataSource.getConnection(HikariDataSource.java:112) ~[HikariCP-4.0.3.jar:na]
	at org.flywaydb.core.internal.jdbc.JdbcUtils.openConnection(JdbcUtils.java:54) ~[flyway-core-7.7.3.jar:na]
	... 29 common frames omitted

2021-09-21 02:40:27.313  INFO 10028 --- [restartedMain] c.r.ecoreforma.EcoReformaApplication     : Starting EcoReformaApplication using Java 11.0.12 on LAPTOP-4KJ1FAAL with PID 10028 (C:\ProyecteJava\TFG\eco-reforma\eco-reforma\target\classes started by atcac in C:\ProyecteJava\TFG\eco-reforma\eco-reforma)
2021-09-21 02:40:27.316  INFO 10028 --- [restartedMain] c.r.ecoreforma.EcoReformaApplication     : No active profile set, falling back to default profiles: default
2021-09-21 02:40:27.361  INFO 10028 --- [restartedMain] o.s.b.devtools.restart.ChangeableUrls    : The Class-Path manifest attribute in C:\Users\atcac\.m2\repository\com\sun\xml\bind\jaxb-core\2.3.0\jaxb-core-2.3.0.jar referenced one or more files that do not exist: file:/C:/Users/atcac/.m2/repository/com/sun/xml/bind/jaxb-core/2.3.0/jaxb-api.jar
2021-09-21 02:40:27.361  INFO 10028 --- [restartedMain] o.s.b.devtools.restart.ChangeableUrls    : The Class-Path manifest attribute in C:\Users\atcac\.m2\repository\com\sun\xml\bind\jaxb-impl\2.3.0\jaxb-impl-2.3.0.jar referenced one or more files that do not exist: file:/C:/Users/atcac/.m2/repository/com/sun/xml/bind/jaxb-impl/2.3.0/jaxb-core.jar
2021-09-21 02:40:27.362  INFO 10028 --- [restartedMain] .e.DevToolsPropertyDefaultsPostProcessor : Devtools property defaults active! Set 'spring.devtools.add-properties' to 'false' to disable
2021-09-21 02:40:27.362  INFO 10028 --- [restartedMain] .e.DevToolsPropertyDefaultsPostProcessor : For additional web related logging consider setting the 'logging.level.web' property to 'DEBUG'
2021-09-21 02:40:28.032  INFO 10028 --- [restartedMain] .s.d.r.c.RepositoryConfigurationDelegate : Bootstrapping Spring Data JPA repositories in DEFAULT mode.
2021-09-21 02:40:28.097  INFO 10028 --- [restartedMain] .s.d.r.c.RepositoryConfigurationDelegate : Finished Spring Data repository scanning in 58 ms. Found 4 JPA repository interfaces.
2021-09-21 02:40:28.436  INFO 10028 --- [restartedMain] trationDelegate$BeanPostProcessorChecker : Bean 'org.springframework.security.access.expression.method.DefaultMethodSecurityExpressionHandler@2821647d' of type [org.springframework.security.access.expression.method.DefaultMethodSecurityExpressionHandler] is not eligible for getting processed by all BeanPostProcessors (for example: not eligible for auto-proxying)
2021-09-21 02:40:28.440  INFO 10028 --- [restartedMain] trationDelegate$BeanPostProcessorChecker : Bean 'methodSecurityMetadataSource' of type [org.springframework.security.access.method.DelegatingMethodSecurityMetadataSource] is not eligible for getting processed by all BeanPostProcessors (for example: not eligible for auto-proxying)
2021-09-21 02:40:28.680  INFO 10028 --- [restartedMain] o.s.b.w.embedded.tomcat.TomcatWebServer  : Tomcat initialized with port(s): 8080 (http)
2021-09-21 02:40:28.689  INFO 10028 --- [restartedMain] o.apache.catalina.core.StandardService   : Starting service [Tomcat]
2021-09-21 02:40:28.690  INFO 10028 --- [restartedMain] org.apache.catalina.core.StandardEngine  : Starting Servlet engine: [Apache Tomcat/9.0.48]
2021-09-21 02:40:28.775  INFO 10028 --- [restartedMain] o.a.c.c.C.[Tomcat].[localhost].[/]       : Initializing Spring embedded WebApplicationContext
2021-09-21 02:40:28.775  INFO 10028 --- [restartedMain] w.s.c.ServletWebServerApplicationContext : Root WebApplicationContext: initialization completed in 1413 ms
2021-09-21 02:40:28.928  INFO 10028 --- [restartedMain] o.f.c.internal.license.VersionPrinter    : Flyway Community Edition 7.7.3 by Redgate
2021-09-21 02:40:28.934  INFO 10028 --- [restartedMain] com.zaxxer.hikari.HikariDataSource       : HikariPool-1 - Starting...
2021-09-21 02:40:30.320 ERROR 10028 --- [restartedMain] com.zaxxer.hikari.pool.HikariPool        : HikariPool-1 - Exception during pool initialization.

java.sql.SQLException: Access denied for user 'root'@'localhost' (using password: YES)
	at com.mysql.cj.jdbc.exceptions.SQLError.createSQLException(SQLError.java:129) ~[mysql-connector-java-8.0.25.jar:8.0.25]
	at com.mysql.cj.jdbc.exceptions.SQLExceptionsMapping.translateException(SQLExceptionsMapping.java:122) ~[mysql-connector-java-8.0.25.jar:8.0.25]
	at com.mysql.cj.jdbc.ConnectionImpl.createNewIO(ConnectionImpl.java:833) ~[mysql-connector-java-8.0.25.jar:8.0.25]
	at com.mysql.cj.jdbc.ConnectionImpl.<init>(ConnectionImpl.java:453) ~[mysql-connector-java-8.0.25.jar:8.0.25]
	at com.mysql.cj.jdbc.ConnectionImpl.getInstance(ConnectionImpl.java:246) ~[mysql-connector-java-8.0.25.jar:8.0.25]
	at com.mysql.cj.jdbc.NonRegisteringDriver.connect(NonRegisteringDriver.java:198) ~[mysql-connector-java-8.0.25.jar:8.0.25]
	at com.zaxxer.hikari.util.DriverDataSource.getConnection(DriverDataSource.java:138) ~[HikariCP-4.0.3.jar:na]
	at com.zaxxer.hikari.pool.PoolBase.newConnection(PoolBase.java:364) ~[HikariCP-4.0.3.jar:na]
	at com.zaxxer.hikari.pool.PoolBase.newPoolEntry(PoolBase.java:206) ~[HikariCP-4.0.3.jar:na]
	at com.zaxxer.hikari.pool.HikariPool.createPoolEntry(HikariPool.java:476) ~[HikariCP-4.0.3.jar:na]
	at com.zaxxer.hikari.pool.HikariPool.checkFailFast(HikariPool.java:561) ~[HikariCP-4.0.3.jar:na]
	at com.zaxxer.hikari.pool.HikariPool.<init>(HikariPool.java:115) ~[HikariCP-4.0.3.jar:na]
	at com.zaxxer.hikari.HikariDataSource.getConnection(HikariDataSource.java:112) ~[HikariCP-4.0.3.jar:na]
	at org.flywaydb.core.internal.jdbc.JdbcUtils.openConnection(JdbcUtils.java:54) ~[flyway-core-7.7.3.jar:na]
	at org.flywaydb.core.internal.jdbc.JdbcConnectionFactory.<init>(JdbcConnectionFactory.java:69) ~[flyway-core-7.7.3.jar:na]
	at org.flywaydb.core.Flyway.execute(Flyway.java:508) ~[flyway-core-7.7.3.jar:na]
	at org.flywaydb.core.Flyway.migrate(Flyway.java:165) ~[flyway-core-7.7.3.jar:na]
	at org.springframework.boot.autoconfigure.flyway.FlywayMigrationInitializer.afterPropertiesSet(FlywayMigrationInitializer.java:66) ~[spring-boot-autoconfigure-2.5.2.jar:2.5.2]
	at org.springframework.beans.factory.support.AbstractAutowireCapableBeanFactory.invokeInitMethods(AbstractAutowireCapableBeanFactory.java:1845) ~[spring-beans-5.3.8.jar:5.3.8]
	at org.springframework.beans.factory.support.AbstractAutowireCapableBeanFactory.initializeBean(AbstractAutowireCapableBeanFactory.java:1782) ~[spring-beans-5.3.8.jar:5.3.8]
	at org.springframework.beans.factory.support.AbstractAutowireCapableBeanFactory.doCreateBean(AbstractAutowireCapableBeanFactory.java:602) ~[spring-beans-5.3.8.jar:5.3.8]
	at org.springframework.beans.factory.support.AbstractAutowireCapableBeanFactory.createBean(AbstractAutowireCapableBeanFactory.java:524) ~[spring-beans-5.3.8.jar:5.3.8]
	at org.springframework.beans.factory.support.AbstractBeanFactory.lambda$doGetBean$0(AbstractBeanFactory.java:335) ~[spring-beans-5.3.8.jar:5.3.8]
	at org.springframework.beans.factory.support.DefaultSingletonBeanRegistry.getSingleton(DefaultSingletonBeanRegistry.java:234) ~[spring-beans-5.3.8.jar:5.3.8]
	at org.springframework.beans.factory.support.AbstractBeanFactory.doGetBean(AbstractBeanFactory.java:333) ~[spring-beans-5.3.8.jar:5.3.8]
	at org.springframework.beans.factory.support.AbstractBeanFactory.getBean(AbstractBeanFactory.java:208) ~[spring-beans-5.3.8.jar:5.3.8]
	at org.springframework.beans.factory.support.AbstractBeanFactory.doGetBean(AbstractBeanFactory.java:322) ~[spring-beans-5.3.8.jar:5.3.8]
	at org.springframework.beans.factory.support.AbstractBeanFactory.getBean(AbstractBeanFactory.java:208) ~[spring-beans-5.3.8.jar:5.3.8]
	at org.springframework.context.support.AbstractApplicationContext.getBean(AbstractApplicationContext.java:1154) ~[spring-context-5.3.8.jar:5.3.8]
	at org.springframework.context.support.AbstractApplicationContext.finishBeanFactoryInitialization(AbstractApplicationContext.java:908) ~[spring-context-5.3.8.jar:5.3.8]
	at org.springframework.context.support.AbstractApplicationContext.refresh(AbstractApplicationContext.java:583) ~[spring-context-5.3.8.jar:5.3.8]
	at org.springframework.boot.web.servlet.context.ServletWebServerApplicationContext.refresh(ServletWebServerApplicationContext.java:145) ~[spring-boot-2.5.2.jar:2.5.2]
	at org.springframework.boot.SpringApplication.refresh(SpringApplication.java:754) ~[spring-boot-2.5.2.jar:2.5.2]
	at org.springframework.boot.SpringApplication.refreshContext(SpringApplication.java:434) ~[spring-boot-2.5.2.jar:2.5.2]
	at org.springframework.boot.SpringApplication.run(SpringApplication.java:338) ~[spring-boot-2.5.2.jar:2.5.2]
	at org.springframework.boot.SpringApplication.run(SpringApplication.java:1343) ~[spring-boot-2.5.2.jar:2.5.2]
	at org.springframework.boot.SpringApplication.run(SpringApplication.java:1332) ~[spring-boot-2.5.2.jar:2.5.2]
	at com.reforma.ecoreforma.EcoReformaApplication.main(EcoReformaApplication.java:10) ~[classes/:na]
	at java.base/jdk.internal.reflect.NativeMethodAccessorImpl.invoke0(Native Method) ~[na:na]
	at java.base/jdk.internal.reflect.NativeMethodAccessorImpl.invoke(NativeMethodAccessorImpl.java:62) ~[na:na]
	at java.base/jdk.internal.reflect.DelegatingMethodAccessorImpl.invoke(DelegatingMethodAccessorImpl.java:43) ~[na:na]
	at java.base/java.lang.reflect.Method.invoke(Method.java:566) ~[na:na]
	at org.springframework.boot.devtools.restart.RestartLauncher.run(RestartLauncher.java:49) ~[spring-boot-devtools-2.5.2.jar:2.5.2]

2021-09-21 02:40:30.327  WARN 10028 --- [restartedMain] ConfigServletWebServerApplicationContext : Exception encountered during context initialization - cancelling refresh attempt: org.springframework.beans.factory.BeanCreationException: Error creating bean with name 'flywayInitializer' defined in class path resource [org/springframework/boot/autoconfigure/flyway/FlywayAutoConfiguration$FlywayConfiguration.class]: Invocation of init method failed; nested exception is org.flywaydb.core.internal.exception.FlywaySqlException: 
Unable to obtain connection from database: Access denied for user 'root'@'localhost' (using password: YES)
----------------------------------------------------------------------------------------------------------
SQL State  : 28000
Error Code : 1045
Message    : Access denied for user 'root'@'localhost' (using password: YES)

2021-09-21 02:40:30.333  INFO 10028 --- [restartedMain] o.apache.catalina.core.StandardService   : Stopping service [Tomcat]
2021-09-21 02:40:30.354  INFO 10028 --- [restartedMain] ConditionEvaluationReportLoggingListener : 

Error starting ApplicationContext. To display the conditions report re-run your application with 'debug' enabled.
2021-09-21 02:40:30.380 ERROR 10028 --- [restartedMain] o.s.boot.SpringApplication               : Application run failed

org.springframework.beans.factory.BeanCreationException: Error creating bean with name 'flywayInitializer' defined in class path resource [org/springframework/boot/autoconfigure/flyway/FlywayAutoConfiguration$FlywayConfiguration.class]: Invocation of init method failed; nested exception is org.flywaydb.core.internal.exception.FlywaySqlException: 
Unable to obtain connection from database: Access denied for user 'root'@'localhost' (using password: YES)
----------------------------------------------------------------------------------------------------------
SQL State  : 28000
Error Code : 1045
Message    : Access denied for user 'root'@'localhost' (using password: YES)

	at org.springframework.beans.factory.support.AbstractAutowireCapableBeanFactory.initializeBean(AbstractAutowireCapableBeanFactory.java:1786) ~[spring-beans-5.3.8.jar:5.3.8]
	at org.springframework.beans.factory.support.AbstractAutowireCapableBeanFactory.doCreateBean(AbstractAutowireCapableBeanFactory.java:602) ~[spring-beans-5.3.8.jar:5.3.8]
	at org.springframework.beans.factory.support.AbstractAutowireCapableBeanFactory.createBean(AbstractAutowireCapableBeanFactory.java:524) ~[spring-beans-5.3.8.jar:5.3.8]
	at org.springframework.beans.factory.support.AbstractBeanFactory.lambda$doGetBean$0(AbstractBeanFactory.java:335) ~[spring-beans-5.3.8.jar:5.3.8]
	at org.springframework.beans.factory.support.DefaultSingletonBeanRegistry.getSingleton(DefaultSingletonBeanRegistry.java:234) ~[spring-beans-5.3.8.jar:5.3.8]
	at org.springframework.beans.factory.support.AbstractBeanFactory.doGetBean(AbstractBeanFactory.java:333) ~[spring-beans-5.3.8.jar:5.3.8]
	at org.springframework.beans.factory.support.AbstractBeanFactory.getBean(AbstractBeanFactory.java:208) ~[spring-beans-5.3.8.jar:5.3.8]
	at org.springframework.beans.factory.support.AbstractBeanFactory.doGetBean(AbstractBeanFactory.java:322) ~[spring-beans-5.3.8.jar:5.3.8]
	at org.springframework.beans.factory.support.AbstractBeanFactory.getBean(AbstractBeanFactory.java:208) ~[spring-beans-5.3.8.jar:5.3.8]
	at org.springframework.context.support.AbstractApplicationContext.getBean(AbstractApplicationContext.java:1154) ~[spring-context-5.3.8.jar:5.3.8]
	at org.springframework.context.support.AbstractApplicationContext.finishBeanFactoryInitialization(AbstractApplicationContext.java:908) ~[spring-context-5.3.8.jar:5.3.8]
	at org.springframework.context.support.AbstractApplicationContext.refresh(AbstractApplicationContext.java:583) ~[spring-context-5.3.8.jar:5.3.8]
	at org.springframework.boot.web.servlet.context.ServletWebServerApplicationContext.refresh(ServletWebServerApplicationContext.java:145) ~[spring-boot-2.5.2.jar:2.5.2]
	at org.springframework.boot.SpringApplication.refresh(SpringApplication.java:754) ~[spring-boot-2.5.2.jar:2.5.2]
	at org.springframework.boot.SpringApplication.refreshContext(SpringApplication.java:434) ~[spring-boot-2.5.2.jar:2.5.2]
	at org.springframework.boot.SpringApplication.run(SpringApplication.java:338) ~[spring-boot-2.5.2.jar:2.5.2]
	at org.springframework.boot.SpringApplication.run(SpringApplication.java:1343) ~[spring-boot-2.5.2.jar:2.5.2]
	at org.springframework.boot.SpringApplication.run(SpringApplication.java:1332) ~[spring-boot-2.5.2.jar:2.5.2]
	at com.reforma.ecoreforma.EcoReformaApplication.main(EcoReformaApplication.java:10) ~[classes/:na]
	at java.base/jdk.internal.reflect.NativeMethodAccessorImpl.invoke0(Native Method) ~[na:na]
	at java.base/jdk.internal.reflect.NativeMethodAccessorImpl.invoke(NativeMethodAccessorImpl.java:62) ~[na:na]
	at java.base/jdk.internal.reflect.DelegatingMethodAccessorImpl.invoke(DelegatingMethodAccessorImpl.java:43) ~[na:na]
	at java.base/java.lang.reflect.Method.invoke(Method.java:566) ~[na:na]
	at org.springframework.boot.devtools.restart.RestartLauncher.run(RestartLauncher.java:49) ~[spring-boot-devtools-2.5.2.jar:2.5.2]
Caused by: org.flywaydb.core.internal.exception.FlywaySqlException: 
Unable to obtain connection from database: Access denied for user 'root'@'localhost' (using password: YES)
----------------------------------------------------------------------------------------------------------
SQL State  : 28000
Error Code : 1045
Message    : Access denied for user 'root'@'localhost' (using password: YES)

	at org.flywaydb.core.internal.jdbc.JdbcUtils.openConnection(JdbcUtils.java:68) ~[flyway-core-7.7.3.jar:na]
	at org.flywaydb.core.internal.jdbc.JdbcConnectionFactory.<init>(JdbcConnectionFactory.java:69) ~[flyway-core-7.7.3.jar:na]
	at org.flywaydb.core.Flyway.execute(Flyway.java:508) ~[flyway-core-7.7.3.jar:na]
	at org.flywaydb.core.Flyway.migrate(Flyway.java:165) ~[flyway-core-7.7.3.jar:na]
	at org.springframework.boot.autoconfigure.flyway.FlywayMigrationInitializer.afterPropertiesSet(FlywayMigrationInitializer.java:66) ~[spring-boot-autoconfigure-2.5.2.jar:2.5.2]
	at org.springframework.beans.factory.support.AbstractAutowireCapableBeanFactory.invokeInitMethods(AbstractAutowireCapableBeanFactory.java:1845) ~[spring-beans-5.3.8.jar:5.3.8]
	at org.springframework.beans.factory.support.AbstractAutowireCapableBeanFactory.initializeBean(AbstractAutowireCapableBeanFactory.java:1782) ~[spring-beans-5.3.8.jar:5.3.8]
	... 23 common frames omitted
Caused by: java.sql.SQLException: Access denied for user 'root'@'localhost' (using password: YES)
	at com.mysql.cj.jdbc.exceptions.SQLError.createSQLException(SQLError.java:129) ~[mysql-connector-java-8.0.25.jar:8.0.25]
	at com.mysql.cj.jdbc.exceptions.SQLExceptionsMapping.translateException(SQLExceptionsMapping.java:122) ~[mysql-connector-java-8.0.25.jar:8.0.25]
	at com.mysql.cj.jdbc.ConnectionImpl.createNewIO(ConnectionImpl.java:833) ~[mysql-connector-java-8.0.25.jar:8.0.25]
	at com.mysql.cj.jdbc.ConnectionImpl.<init>(ConnectionImpl.java:453) ~[mysql-connector-java-8.0.25.jar:8.0.25]
	at com.mysql.cj.jdbc.ConnectionImpl.getInstance(ConnectionImpl.java:246) ~[mysql-connector-java-8.0.25.jar:8.0.25]
	at com.mysql.cj.jdbc.NonRegisteringDriver.connect(NonRegisteringDriver.java:198) ~[mysql-connector-java-8.0.25.jar:8.0.25]
	at com.zaxxer.hikari.util.DriverDataSource.getConnection(DriverDataSource.java:138) ~[HikariCP-4.0.3.jar:na]
	at com.zaxxer.hikari.pool.PoolBase.newConnection(PoolBase.java:364) ~[HikariCP-4.0.3.jar:na]
	at com.zaxxer.hikari.pool.PoolBase.newPoolEntry(PoolBase.java:206) ~[HikariCP-4.0.3.jar:na]
	at com.zaxxer.hikari.pool.HikariPool.createPoolEntry(HikariPool.java:476) ~[HikariCP-4.0.3.jar:na]
	at com.zaxxer.hikari.pool.HikariPool.checkFailFast(HikariPool.java:561) ~[HikariCP-4.0.3.jar:na]
	at com.zaxxer.hikari.pool.HikariPool.<init>(HikariPool.java:115) ~[HikariCP-4.0.3.jar:na]
	at com.zaxxer.hikari.HikariDataSource.getConnection(HikariDataSource.java:112) ~[HikariCP-4.0.3.jar:na]
	at org.flywaydb.core.internal.jdbc.JdbcUtils.openConnection(JdbcUtils.java:54) ~[flyway-core-7.7.3.jar:na]
	... 29 common frames omitted

2021-09-21 02:41:06.941  INFO 9596 --- [restartedMain] c.r.ecoreforma.EcoReformaApplication     : Starting EcoReformaApplication using Java 11.0.12 on LAPTOP-4KJ1FAAL with PID 9596 (C:\ProyecteJava\TFG\eco-reforma\eco-reforma\target\classes started by atcac in C:\ProyecteJava\TFG\eco-reforma\eco-reforma)
2021-09-21 02:41:06.943  INFO 9596 --- [restartedMain] c.r.ecoreforma.EcoReformaApplication     : No active profile set, falling back to default profiles: default
2021-09-21 02:41:06.992  INFO 9596 --- [restartedMain] o.s.b.devtools.restart.ChangeableUrls    : The Class-Path manifest attribute in C:\Users\atcac\.m2\repository\com\sun\xml\bind\jaxb-core\2.3.0\jaxb-core-2.3.0.jar referenced one or more files that do not exist: file:/C:/Users/atcac/.m2/repository/com/sun/xml/bind/jaxb-core/2.3.0/jaxb-api.jar
2021-09-21 02:41:06.992  INFO 9596 --- [restartedMain] o.s.b.devtools.restart.ChangeableUrls    : The Class-Path manifest attribute in C:\Users\atcac\.m2\repository\com\sun\xml\bind\jaxb-impl\2.3.0\jaxb-impl-2.3.0.jar referenced one or more files that do not exist: file:/C:/Users/atcac/.m2/repository/com/sun/xml/bind/jaxb-impl/2.3.0/jaxb-core.jar
2021-09-21 02:41:06.992  INFO 9596 --- [restartedMain] .e.DevToolsPropertyDefaultsPostProcessor : Devtools property defaults active! Set 'spring.devtools.add-properties' to 'false' to disable
2021-09-21 02:41:06.993  INFO 9596 --- [restartedMain] .e.DevToolsPropertyDefaultsPostProcessor : For additional web related logging consider setting the 'logging.level.web' property to 'DEBUG'
2021-09-21 02:41:07.716  INFO 9596 --- [restartedMain] .s.d.r.c.RepositoryConfigurationDelegate : Bootstrapping Spring Data JPA repositories in DEFAULT mode.
2021-09-21 02:41:07.777  INFO 9596 --- [restartedMain] .s.d.r.c.RepositoryConfigurationDelegate : Finished Spring Data repository scanning in 55 ms. Found 4 JPA repository interfaces.
2021-09-21 02:41:08.126  INFO 9596 --- [restartedMain] trationDelegate$BeanPostProcessorChecker : Bean 'org.springframework.security.access.expression.method.DefaultMethodSecurityExpressionHandler@1b8ca564' of type [org.springframework.security.access.expression.method.DefaultMethodSecurityExpressionHandler] is not eligible for getting processed by all BeanPostProcessors (for example: not eligible for auto-proxying)
2021-09-21 02:41:08.130  INFO 9596 --- [restartedMain] trationDelegate$BeanPostProcessorChecker : Bean 'methodSecurityMetadataSource' of type [org.springframework.security.access.method.DelegatingMethodSecurityMetadataSource] is not eligible for getting processed by all BeanPostProcessors (for example: not eligible for auto-proxying)
2021-09-21 02:41:08.382  INFO 9596 --- [restartedMain] o.s.b.w.embedded.tomcat.TomcatWebServer  : Tomcat initialized with port(s): 8080 (http)
2021-09-21 02:41:08.391  INFO 9596 --- [restartedMain] o.apache.catalina.core.StandardService   : Starting service [Tomcat]
2021-09-21 02:41:08.392  INFO 9596 --- [restartedMain] org.apache.catalina.core.StandardEngine  : Starting Servlet engine: [Apache Tomcat/9.0.48]
2021-09-21 02:41:08.476  INFO 9596 --- [restartedMain] o.a.c.c.C.[Tomcat].[localhost].[/]       : Initializing Spring embedded WebApplicationContext
2021-09-21 02:41:08.476  INFO 9596 --- [restartedMain] w.s.c.ServletWebServerApplicationContext : Root WebApplicationContext: initialization completed in 1483 ms
2021-09-21 02:41:08.622  INFO 9596 --- [restartedMain] o.f.c.internal.license.VersionPrinter    : Flyway Community Edition 7.7.3 by Redgate
2021-09-21 02:41:08.627  INFO 9596 --- [restartedMain] com.zaxxer.hikari.HikariDataSource       : HikariPool-1 - Starting...
2021-09-21 02:41:09.012  INFO 9596 --- [restartedMain] com.zaxxer.hikari.HikariDataSource       : HikariPool-1 - Start completed.
2021-09-21 02:41:09.090  INFO 9596 --- [restartedMain] o.f.c.i.database.base.DatabaseType       : Database: jdbc:mysql://localhost:3306/serviciosdb (MySQL 8.0)
2021-09-21 02:41:09.169  INFO 9596 --- [restartedMain] o.f.core.internal.command.DbValidate     : Successfully validated 5 migrations (execution time 00:00.039s)
2021-09-21 02:41:09.188  INFO 9596 --- [restartedMain] o.f.core.internal.command.DbMigrate      : Current version of schema `serviciosdb`: 5
2021-09-21 02:41:09.189  INFO 9596 --- [restartedMain] o.f.core.internal.command.DbMigrate      : Schema `serviciosdb` is up to date. No migration necessary.
2021-09-21 02:41:09.310  INFO 9596 --- [restartedMain] o.hibernate.jpa.internal.util.LogHelper  : HHH000204: Processing PersistenceUnitInfo [name: default]
2021-09-21 02:41:09.406  INFO 9596 --- [restartedMain] org.hibernate.Version                    : HHH000412: Hibernate ORM core version 5.4.32.Final
2021-09-21 02:41:09.635  INFO 9596 --- [restartedMain] o.hibernate.annotations.common.Version   : HCANN000001: Hibernate Commons Annotations {5.1.2.Final}
2021-09-21 02:41:09.849  INFO 9596 --- [restartedMain] org.hibernate.dialect.Dialect            : HHH000400: Using dialect: org.hibernate.dialect.MySQL8Dialect
2021-09-21 02:41:10.832  INFO 9596 --- [restartedMain] o.h.e.t.j.p.i.JtaPlatformInitiator       : HHH000490: Using JtaPlatform implementation: [org.hibernate.engine.transaction.jta.platform.internal.NoJtaPlatform]
2021-09-21 02:41:10.842  INFO 9596 --- [restartedMain] j.LocalContainerEntityManagerFactoryBean : Initialized JPA EntityManagerFactory for persistence unit 'default'
2021-09-21 02:41:11.527  INFO 9596 --- [restartedMain] o.s.s.web.DefaultSecurityFilterChain     : Will secure any request with [org.springframework.security.web.context.request.async.WebAsyncManagerIntegrationFilter@251e5217, org.springframework.security.web.context.SecurityContextPersistenceFilter@7113eb53, org.springframework.security.web.header.HeaderWriterFilter@5cb4d3fb, org.springframework.security.web.authentication.logout.LogoutFilter@3ec04604, org.springframework.security.web.authentication.UsernamePasswordAuthenticationFilter@21169085, org.springframework.security.web.savedrequest.RequestCacheAwareFilter@19208527, org.springframework.security.web.servletapi.SecurityContextHolderAwareRequestFilter@3871b9f6, org.springframework.security.web.authentication.AnonymousAuthenticationFilter@72c6e49b, org.springframework.security.web.session.SessionManagementFilter@25315d, org.springframework.security.web.access.ExceptionTranslationFilter@edde63, org.springframework.security.web.access.intercept.FilterSecurityInterceptor@2fd567ee]
2021-09-21 02:41:11.921  INFO 9596 --- [restartedMain] o.s.b.d.a.OptionalLiveReloadServer       : LiveReload server is running on port 35729
2021-09-21 02:41:11.958  INFO 9596 --- [restartedMain] o.s.b.w.embedded.tomcat.TomcatWebServer  : Tomcat started on port(s): 8080 (http) with context path ''
2021-09-21 02:41:11.968  INFO 9596 --- [restartedMain] c.r.ecoreforma.EcoReformaApplication     : Started EcoReformaApplication in 5.436 seconds (JVM running for 6.239)
2021-09-21 02:41:43.253  INFO 9596 --- [http-nio-8080-exec-1] o.a.c.c.C.[Tomcat].[localhost].[/]       : Initializing Spring DispatcherServlet 'dispatcherServlet'
2021-09-21 02:41:43.254  INFO 9596 --- [http-nio-8080-exec-1] o.s.web.servlet.DispatcherServlet        : Initializing Servlet 'dispatcherServlet'
2021-09-21 02:41:43.255  INFO 9596 --- [http-nio-8080-exec-1] o.s.web.servlet.DispatcherServlet        : Completed initialization in 1 ms
2021-09-21 02:42:00.421  INFO 9596 --- [http-nio-8080-exec-1] c.r.e.s.Impl.UsuarioSecurityService      : Authenticando al usuario: - Usuario [id=1, username=Ana, password=$2a$12$JF3bJb1efD9nO1tqmzpPouQ/cgbxq0DUojqYp4PexiwpGbyKJEq4K, email=admin@mail.com, roles=[USER, ADMIN]]
2021-09-21 02:48:49.393  INFO 9596 --- [http-nio-8080-exec-10] c.r.e.s.Impl.UsuarioSecurityService      : Authenticando al usuario: - Usuario [id=4, username=Elena, password=$2a$08$fkxOnl2ZoHLS7b9nC7/dy.HBomVRA9jX3NHe7o24te0j/yTzEOrZC, email=elena@mail.com, roles=[USER]]
2021-09-21 02:48:56.966  INFO 9596 --- [http-nio-8080-exec-6] c.r.e.controller.UsuarioController       : Usuario revisando sus presupuestos - lista: Page 1 of 1 containing com.reforma.ecoreforma.domain.Presupuesto instances
2021-09-21 02:55:26.194  INFO 9596 --- [RMI TCP Connection(22)-127.0.0.1] inMXBeanRegistrar$SpringApplicationAdmin : Application shutdown requested.
2021-09-21 02:55:26.286  INFO 9596 --- [RMI TCP Connection(22)-127.0.0.1] j.LocalContainerEntityManagerFactoryBean : Closing JPA EntityManagerFactory for persistence unit 'default'
2021-09-21 02:55:26.290  INFO 9596 --- [RMI TCP Connection(22)-127.0.0.1] com.zaxxer.hikari.HikariDataSource       : HikariPool-1 - Shutdown initiated...
2021-09-21 02:55:26.300  INFO 9596 --- [RMI TCP Connection(22)-127.0.0.1] com.zaxxer.hikari.HikariDataSource       : HikariPool-1 - Shutdown completed.
2021-09-21 03:15:09.571  INFO 13868 --- [main] c.r.e.EcoReformaApplicationTests         : Starting EcoReformaApplicationTests using Java 11.0.12 on LAPTOP-4KJ1FAAL with PID 13868 (started by atcac in C:\ProyecteJava\TFG\eco-reforma\eco-reforma)
2021-09-21 03:15:09.576  INFO 13868 --- [main] c.r.e.EcoReformaApplicationTests         : No active profile set, falling back to default profiles: default
2021-09-21 03:15:11.117  INFO 13868 --- [main] .s.d.r.c.RepositoryConfigurationDelegate : Bootstrapping Spring Data JPA repositories in DEFAULT mode.
2021-09-21 03:15:11.266  INFO 13868 --- [main] .s.d.r.c.RepositoryConfigurationDelegate : Finished Spring Data repository scanning in 137 ms. Found 4 JPA repository interfaces.
2021-09-21 03:15:12.103  INFO 13868 --- [main] trationDelegate$BeanPostProcessorChecker : Bean 'org.springframework.security.access.expression.method.DefaultMethodSecurityExpressionHandler@1bd7762f' of type [org.springframework.security.access.expression.method.DefaultMethodSecurityExpressionHandler] is not eligible for getting processed by all BeanPostProcessors (for example: not eligible for auto-proxying)
2021-09-21 03:15:12.124  INFO 13868 --- [main] trationDelegate$BeanPostProcessorChecker : Bean 'methodSecurityMetadataSource' of type [org.springframework.security.access.method.DelegatingMethodSecurityMetadataSource] is not eligible for getting processed by all BeanPostProcessors (for example: not eligible for auto-proxying)
2021-09-21 03:15:12.454  INFO 13868 --- [main] o.f.c.internal.license.VersionPrinter    : Flyway Community Edition 7.7.3 by Redgate
2021-09-21 03:15:12.466  INFO 13868 --- [main] com.zaxxer.hikari.HikariDataSource       : HikariPool-1 - Starting...
2021-09-21 03:15:13.470  INFO 13868 --- [main] com.zaxxer.hikari.HikariDataSource       : HikariPool-1 - Start completed.
2021-09-21 03:15:13.691  INFO 13868 --- [main] o.f.c.i.database.base.DatabaseType       : Database: jdbc:mysql://localhost:3306/serviciosdb (MySQL 8.0)
2021-09-21 03:15:13.860  INFO 13868 --- [main] o.f.core.internal.command.DbValidate     : Successfully validated 5 migrations (execution time 00:00.088s)
2021-09-21 03:15:13.895  INFO 13868 --- [main] o.f.core.internal.command.DbMigrate      : Current version of schema `serviciosdb`: 5
2021-09-21 03:15:13.897  INFO 13868 --- [main] o.f.core.internal.command.DbMigrate      : Schema `serviciosdb` is up to date. No migration necessary.
2021-09-21 03:15:14.266  INFO 13868 --- [main] o.hibernate.jpa.internal.util.LogHelper  : HHH000204: Processing PersistenceUnitInfo [name: default]
2021-09-21 03:15:14.471  INFO 13868 --- [main] org.hibernate.Version                    : HHH000412: Hibernate ORM core version 5.4.32.Final
2021-09-21 03:15:15.019  INFO 13868 --- [main] o.hibernate.annotations.common.Version   : HCANN000001: Hibernate Commons Annotations {5.1.2.Final}
2021-09-21 03:15:15.446  INFO 13868 --- [main] org.hibernate.dialect.Dialect            : HHH000400: Using dialect: org.hibernate.dialect.MySQL8Dialect
2021-09-21 03:15:16.645  INFO 13868 --- [main] o.h.e.t.j.p.i.JtaPlatformInitiator       : HHH000490: Using JtaPlatform implementation: [org.hibernate.engine.transaction.jta.platform.internal.NoJtaPlatform]
2021-09-21 03:15:16.660  INFO 13868 --- [main] j.LocalContainerEntityManagerFactoryBean : Initialized JPA EntityManagerFactory for persistence unit 'default'
2021-09-21 03:15:18.169  INFO 13868 --- [main] o.s.s.web.DefaultSecurityFilterChain     : Will secure any request with [org.springframework.security.web.context.request.async.WebAsyncManagerIntegrationFilter@375487ef, org.springframework.security.web.context.SecurityContextPersistenceFilter@37986eb, org.springframework.security.web.header.HeaderWriterFilter@14b19b1f, org.springframework.security.web.authentication.logout.LogoutFilter@414fd4b, org.springframework.security.web.authentication.UsernamePasswordAuthenticationFilter@5a0d95e6, org.springframework.security.web.savedrequest.RequestCacheAwareFilter@33f5732c, org.springframework.security.web.servletapi.SecurityContextHolderAwareRequestFilter@45bef69f, org.springframework.security.web.authentication.AnonymousAuthenticationFilter@746f749a, org.springframework.security.web.session.SessionManagementFilter@e28581, org.springframework.security.web.access.ExceptionTranslationFilter@30de9fe5, org.springframework.security.web.access.intercept.FilterSecurityInterceptor@3f481031]
2021-09-21 03:15:19.560  INFO 13868 --- [main] c.r.e.EcoReformaApplicationTests         : Started EcoReformaApplicationTests in 10.628 seconds (JVM running for 13.523)
2021-09-21 03:15:19.892  INFO 13868 --- [main] c.r.e.service.TestHabitacionService      : Starting TestHabitacionService using Java 11.0.12 on LAPTOP-4KJ1FAAL with PID 13868 (started by atcac in C:\ProyecteJava\TFG\eco-reforma\eco-reforma)
2021-09-21 03:15:19.896  INFO 13868 --- [main] c.r.e.service.TestHabitacionService      : No active profile set, falling back to default profiles: default
2021-09-21 03:15:20.229  INFO 13868 --- [main] .s.d.r.c.RepositoryConfigurationDelegate : Bootstrapping Spring Data JPA repositories in DEFAULT mode.
2021-09-21 03:15:20.261  INFO 13868 --- [main] .s.d.r.c.RepositoryConfigurationDelegate : Finished Spring Data repository scanning in 31 ms. Found 4 JPA repository interfaces.
2021-09-21 03:15:20.604  INFO 13868 --- [main] trationDelegate$BeanPostProcessorChecker : Bean 'org.springframework.security.access.expression.method.DefaultMethodSecurityExpressionHandler@2fe3131' of type [org.springframework.security.access.expression.method.DefaultMethodSecurityExpressionHandler] is not eligible for getting processed by all BeanPostProcessors (for example: not eligible for auto-proxying)
2021-09-21 03:15:20.614  INFO 13868 --- [main] trationDelegate$BeanPostProcessorChecker : Bean 'methodSecurityMetadataSource' of type [org.springframework.security.access.method.DelegatingMethodSecurityMetadataSource] is not eligible for getting processed by all BeanPostProcessors (for example: not eligible for auto-proxying)
2021-09-21 03:15:20.688  INFO 13868 --- [main] o.f.c.internal.license.VersionPrinter    : Flyway Community Edition 7.7.3 by Redgate
2021-09-21 03:15:20.691  INFO 13868 --- [main] com.zaxxer.hikari.HikariDataSource       : HikariPool-2 - Starting...
2021-09-21 03:15:20.747  INFO 13868 --- [main] com.zaxxer.hikari.HikariDataSource       : HikariPool-2 - Start completed.
2021-09-21 03:15:20.749  INFO 13868 --- [main] o.f.c.i.database.base.DatabaseType       : Database: jdbc:mysql://localhost:3306/serviciosdb (MySQL 8.0)
2021-09-21 03:15:20.776  INFO 13868 --- [main] o.f.core.internal.command.DbValidate     : Successfully validated 5 migrations (execution time 00:00.010s)
2021-09-21 03:15:20.790  INFO 13868 --- [main] o.f.core.internal.command.DbMigrate      : Current version of schema `serviciosdb`: 5
2021-09-21 03:15:20.793  INFO 13868 --- [main] o.f.core.internal.command.DbMigrate      : Schema `serviciosdb` is up to date. No migration necessary.
2021-09-21 03:15:20.854  INFO 13868 --- [main] o.hibernate.jpa.internal.util.LogHelper  : HHH000204: Processing PersistenceUnitInfo [name: default]
2021-09-21 03:15:20.864  INFO 13868 --- [main] org.hibernate.dialect.Dialect            : HHH000400: Using dialect: org.hibernate.dialect.MySQL8Dialect
2021-09-21 03:15:21.029  INFO 13868 --- [main] o.h.e.t.j.p.i.JtaPlatformInitiator       : HHH000490: Using JtaPlatform implementation: [org.hibernate.engine.transaction.jta.platform.internal.NoJtaPlatform]
2021-09-21 03:15:21.029  INFO 13868 --- [main] j.LocalContainerEntityManagerFactoryBean : Initialized JPA EntityManagerFactory for persistence unit 'default'
2021-09-21 03:15:21.454  INFO 13868 --- [main] o.s.s.web.DefaultSecurityFilterChain     : Will secure any request with [org.springframework.security.web.context.request.async.WebAsyncManagerIntegrationFilter@4fb004f2, org.springframework.security.web.context.SecurityContextPersistenceFilter@4f15fa90, org.springframework.security.web.header.HeaderWriterFilter@73b84753, org.springframework.security.web.authentication.logout.LogoutFilter@2aa579ed, org.springframework.security.web.authentication.UsernamePasswordAuthenticationFilter@52215803, org.springframework.security.web.savedrequest.RequestCacheAwareFilter@10f1609b, org.springframework.security.web.servletapi.SecurityContextHolderAwareRequestFilter@21423f09, org.springframework.security.web.authentication.AnonymousAuthenticationFilter@6601e3a5, org.springframework.security.web.session.SessionManagementFilter@4b84052b, org.springframework.security.web.access.ExceptionTranslationFilter@36bd20c1, org.springframework.security.web.access.intercept.FilterSecurityInterceptor@507c97ca]
2021-09-21 03:15:21.972  INFO 13868 --- [main] c.r.e.service.TestHabitacionService      : Started TestHabitacionService in 2.143 seconds (JVM running for 15.935)
2021-09-21 03:15:22.085  INFO 13868 --- [main] c.r.e.service.TestPrePresupuestoService  : Starting TestPrePresupuestoService using Java 11.0.12 on LAPTOP-4KJ1FAAL with PID 13868 (started by atcac in C:\ProyecteJava\TFG\eco-reforma\eco-reforma)
2021-09-21 03:15:22.086  INFO 13868 --- [main] c.r.e.service.TestPrePresupuestoService  : No active profile set, falling back to default profiles: default
2021-09-21 03:15:22.356  INFO 13868 --- [main] .s.d.r.c.RepositoryConfigurationDelegate : Bootstrapping Spring Data JPA repositories in DEFAULT mode.
2021-09-21 03:15:22.389  INFO 13868 --- [main] .s.d.r.c.RepositoryConfigurationDelegate : Finished Spring Data repository scanning in 32 ms. Found 4 JPA repository interfaces.
2021-09-21 03:15:22.582  INFO 13868 --- [main] trationDelegate$BeanPostProcessorChecker : Bean 'org.springframework.security.access.expression.method.DefaultMethodSecurityExpressionHandler@2480663d' of type [org.springframework.security.access.expression.method.DefaultMethodSecurityExpressionHandler] is not eligible for getting processed by all BeanPostProcessors (for example: not eligible for auto-proxying)
2021-09-21 03:15:22.589  INFO 13868 --- [main] trationDelegate$BeanPostProcessorChecker : Bean 'methodSecurityMetadataSource' of type [org.springframework.security.access.method.DelegatingMethodSecurityMetadataSource] is not eligible for getting processed by all BeanPostProcessors (for example: not eligible for auto-proxying)
2021-09-21 03:15:22.651  INFO 13868 --- [main] o.f.c.internal.license.VersionPrinter    : Flyway Community Edition 7.7.3 by Redgate
2021-09-21 03:15:22.653  INFO 13868 --- [main] com.zaxxer.hikari.HikariDataSource       : HikariPool-3 - Starting...
2021-09-21 03:15:22.679  INFO 13868 --- [main] com.zaxxer.hikari.HikariDataSource       : HikariPool-3 - Start completed.
2021-09-21 03:15:22.681  INFO 13868 --- [main] o.f.c.i.database.base.DatabaseType       : Database: jdbc:mysql://localhost:3306/serviciosdb (MySQL 8.0)
2021-09-21 03:15:22.702  INFO 13868 --- [main] o.f.core.internal.command.DbValidate     : Successfully validated 5 migrations (execution time 00:00.009s)
2021-09-21 03:15:22.718  INFO 13868 --- [main] o.f.core.internal.command.DbMigrate      : Current version of schema `serviciosdb`: 5
2021-09-21 03:15:22.719  INFO 13868 --- [main] o.f.core.internal.command.DbMigrate      : Schema `serviciosdb` is up to date. No migration necessary.
2021-09-21 03:15:22.777  INFO 13868 --- [main] o.hibernate.jpa.internal.util.LogHelper  : HHH000204: Processing PersistenceUnitInfo [name: default]
2021-09-21 03:15:22.787  INFO 13868 --- [main] org.hibernate.dialect.Dialect            : HHH000400: Using dialect: org.hibernate.dialect.MySQL8Dialect
2021-09-21 03:15:22.939  INFO 13868 --- [main] o.h.e.t.j.p.i.JtaPlatformInitiator       : HHH000490: Using JtaPlatform implementation: [org.hibernate.engine.transaction.jta.platform.internal.NoJtaPlatform]
2021-09-21 03:15:22.941  INFO 13868 --- [main] j.LocalContainerEntityManagerFactoryBean : Initialized JPA EntityManagerFactory for persistence unit 'default'
2021-09-21 03:15:23.356  INFO 13868 --- [main] o.s.s.web.DefaultSecurityFilterChain     : Will secure any request with [org.springframework.security.web.context.request.async.WebAsyncManagerIntegrationFilter@1bc7a2f8, org.springframework.security.web.context.SecurityContextPersistenceFilter@4948d217, org.springframework.security.web.header.HeaderWriterFilter@569a7c6, org.springframework.security.web.authentication.logout.LogoutFilter@72e4df3a, org.springframework.security.web.authentication.UsernamePasswordAuthenticationFilter@36003245, org.springframework.security.web.savedrequest.RequestCacheAwareFilter@58af32cb, org.springframework.security.web.servletapi.SecurityContextHolderAwareRequestFilter@10b0e98f, org.springframework.security.web.authentication.AnonymousAuthenticationFilter@4a3b1269, org.springframework.security.web.session.SessionManagementFilter@79128f8f, org.springframework.security.web.access.ExceptionTranslationFilter@7f0dcf6a, org.springframework.security.web.access.intercept.FilterSecurityInterceptor@6a2f20f9]
2021-09-21 03:15:23.934  INFO 13868 --- [main] c.r.e.service.TestPrePresupuestoService  : Started TestPrePresupuestoService in 1.892 seconds (JVM running for 17.897)
2021-09-21 03:15:23.954  INFO 13868 --- [main] c.r.e.s.Impl.PrePresupuestoServiceImpl   : Se esta aadiendo articulos [HABITACION [ID=1, TITULO=NULL, DESCRIPCION=NULL, IMG_URL=NULL, PRECIO=NULL, TIPO=NULL]] a tu lista de favoritos (pre-Presupuesto) 
2021-09-21 03:15:24.054  INFO 13868 --- [main] c.r.e.service.TestPresupuestoService     : Starting TestPresupuestoService using Java 11.0.12 on LAPTOP-4KJ1FAAL with PID 13868 (started by atcac in C:\ProyecteJava\TFG\eco-reforma\eco-reforma)
2021-09-21 03:15:24.055  INFO 13868 --- [main] c.r.e.service.TestPresupuestoService     : No active profile set, falling back to default profiles: default
2021-09-21 03:15:24.269  INFO 13868 --- [main] .s.d.r.c.RepositoryConfigurationDelegate : Bootstrapping Spring Data JPA repositories in DEFAULT mode.
2021-09-21 03:15:24.298  INFO 13868 --- [main] .s.d.r.c.RepositoryConfigurationDelegate : Finished Spring Data repository scanning in 28 ms. Found 4 JPA repository interfaces.
2021-09-21 03:15:24.444  INFO 13868 --- [main] trationDelegate$BeanPostProcessorChecker : Bean 'org.springframework.security.access.expression.method.DefaultMethodSecurityExpressionHandler@5a155dcd' of type [org.springframework.security.access.expression.method.DefaultMethodSecurityExpressionHandler] is not eligible for getting processed by all BeanPostProcessors (for example: not eligible for auto-proxying)
2021-09-21 03:15:24.450  INFO 13868 --- [main] trationDelegate$BeanPostProcessorChecker : Bean 'methodSecurityMetadataSource' of type [org.springframework.security.access.method.DelegatingMethodSecurityMetadataSource] is not eligible for getting processed by all BeanPostProcessors (for example: not eligible for auto-proxying)
2021-09-21 03:15:24.495  INFO 13868 --- [main] o.f.c.internal.license.VersionPrinter    : Flyway Community Edition 7.7.3 by Redgate
2021-09-21 03:15:24.498  INFO 13868 --- [main] com.zaxxer.hikari.HikariDataSource       : HikariPool-4 - Starting...
2021-09-21 03:15:24.522  INFO 13868 --- [main] com.zaxxer.hikari.HikariDataSource       : HikariPool-4 - Start completed.
2021-09-21 03:15:24.524  INFO 13868 --- [main] o.f.c.i.database.base.DatabaseType       : Database: jdbc:mysql://localhost:3306/serviciosdb (MySQL 8.0)
2021-09-21 03:15:24.552  INFO 13868 --- [main] o.f.core.internal.command.DbValidate     : Successfully validated 5 migrations (execution time 00:00.013s)
2021-09-21 03:15:24.560  INFO 13868 --- [main] o.f.core.internal.command.DbMigrate      : Current version of schema `serviciosdb`: 5
2021-09-21 03:15:24.561  INFO 13868 --- [main] o.f.core.internal.command.DbMigrate      : Schema `serviciosdb` is up to date. No migration necessary.
2021-09-21 03:15:24.614  INFO 13868 --- [main] o.hibernate.jpa.internal.util.LogHelper  : HHH000204: Processing PersistenceUnitInfo [name: default]
2021-09-21 03:15:24.622  INFO 13868 --- [main] org.hibernate.dialect.Dialect            : HHH000400: Using dialect: org.hibernate.dialect.MySQL8Dialect
2021-09-21 03:15:24.771  INFO 13868 --- [main] o.h.e.t.j.p.i.JtaPlatformInitiator       : HHH000490: Using JtaPlatform implementation: [org.hibernate.engine.transaction.jta.platform.internal.NoJtaPlatform]
2021-09-21 03:15:24.772  INFO 13868 --- [main] j.LocalContainerEntityManagerFactoryBean : Initialized JPA EntityManagerFactory for persistence unit 'default'
2021-09-21 03:15:25.107  INFO 13868 --- [main] o.s.s.web.DefaultSecurityFilterChain     : Will secure any request with [org.springframework.security.web.context.request.async.WebAsyncManagerIntegrationFilter@2f31dd86, org.springframework.security.web.context.SecurityContextPersistenceFilter@75c02550, org.springframework.security.web.header.HeaderWriterFilter@637241f8, org.springframework.security.web.authentication.logout.LogoutFilter@43764c5, org.springframework.security.web.authentication.UsernamePasswordAuthenticationFilter@4db8fbea, org.springframework.security.web.savedrequest.RequestCacheAwareFilter@710f6eb4, org.springframework.security.web.servletapi.SecurityContextHolderAwareRequestFilter@39cec, org.springframework.security.web.authentication.AnonymousAuthenticationFilter@32904959, org.springframework.security.web.session.SessionManagementFilter@494733aa, org.springframework.security.web.access.ExceptionTranslationFilter@6c3d1ed2, org.springframework.security.web.access.intercept.FilterSecurityInterceptor@4d12036a]
2021-09-21 03:15:25.489  INFO 13868 --- [main] c.r.e.service.TestPresupuestoService     : Started TestPresupuestoService in 1.47 seconds (JVM running for 19.453)
2021-09-21 03:15:25.565  INFO 13868 --- [main] c.r.e.service.TestUsuarioService         : Starting TestUsuarioService using Java 11.0.12 on LAPTOP-4KJ1FAAL with PID 13868 (started by atcac in C:\ProyecteJava\TFG\eco-reforma\eco-reforma)
2021-09-21 03:15:25.566  INFO 13868 --- [main] c.r.e.service.TestUsuarioService         : No active profile set, falling back to default profiles: default
2021-09-21 03:15:25.779  INFO 13868 --- [main] .s.d.r.c.RepositoryConfigurationDelegate : Bootstrapping Spring Data JPA repositories in DEFAULT mode.
2021-09-21 03:15:25.808  INFO 13868 --- [main] .s.d.r.c.RepositoryConfigurationDelegate : Finished Spring Data repository scanning in 28 ms. Found 4 JPA repository interfaces.
2021-09-21 03:15:25.976  INFO 13868 --- [main] trationDelegate$BeanPostProcessorChecker : Bean 'org.springframework.security.access.expression.method.DefaultMethodSecurityExpressionHandler@edadac3' of type [org.springframework.security.access.expression.method.DefaultMethodSecurityExpressionHandler] is not eligible for getting processed by all BeanPostProcessors (for example: not eligible for auto-proxying)
2021-09-21 03:15:25.985  INFO 13868 --- [main] trationDelegate$BeanPostProcessorChecker : Bean 'methodSecurityMetadataSource' of type [org.springframework.security.access.method.DelegatingMethodSecurityMetadataSource] is not eligible for getting processed by all BeanPostProcessors (for example: not eligible for auto-proxying)
2021-09-21 03:15:26.027  INFO 13868 --- [main] o.f.c.internal.license.VersionPrinter    : Flyway Community Edition 7.7.3 by Redgate
2021-09-21 03:15:26.029  INFO 13868 --- [main] com.zaxxer.hikari.HikariDataSource       : HikariPool-5 - Starting...
2021-09-21 03:15:26.050  INFO 13868 --- [main] com.zaxxer.hikari.HikariDataSource       : HikariPool-5 - Start completed.
2021-09-21 03:15:26.051  INFO 13868 --- [main] o.f.c.i.database.base.DatabaseType       : Database: jdbc:mysql://localhost:3306/serviciosdb (MySQL 8.0)
2021-09-21 03:15:26.070  INFO 13868 --- [main] o.f.core.internal.command.DbValidate     : Successfully validated 5 migrations (execution time 00:00.007s)
2021-09-21 03:15:26.079  INFO 13868 --- [main] o.f.core.internal.command.DbMigrate      : Current version of schema `serviciosdb`: 5
2021-09-21 03:15:26.080  INFO 13868 --- [main] o.f.core.internal.command.DbMigrate      : Schema `serviciosdb` is up to date. No migration necessary.
2021-09-21 03:15:26.116  INFO 13868 --- [main] o.hibernate.jpa.internal.util.LogHelper  : HHH000204: Processing PersistenceUnitInfo [name: default]
2021-09-21 03:15:26.122  INFO 13868 --- [main] org.hibernate.dialect.Dialect            : HHH000400: Using dialect: org.hibernate.dialect.MySQL8Dialect
2021-09-21 03:15:26.255  INFO 13868 --- [main] o.h.e.t.j.p.i.JtaPlatformInitiator       : HHH000490: Using JtaPlatform implementation: [org.hibernate.engine.transaction.jta.platform.internal.NoJtaPlatform]
2021-09-21 03:15:26.255  INFO 13868 --- [main] j.LocalContainerEntityManagerFactoryBean : Initialized JPA EntityManagerFactory for persistence unit 'default'
2021-09-21 03:15:26.622  INFO 13868 --- [main] o.s.s.web.DefaultSecurityFilterChain     : Will secure any request with [org.springframework.security.web.context.request.async.WebAsyncManagerIntegrationFilter@623ea07, org.springframework.security.web.context.SecurityContextPersistenceFilter@143d1fd4, org.springframework.security.web.header.HeaderWriterFilter@e1e64e5, org.springframework.security.web.authentication.logout.LogoutFilter@e7bbe41, org.springframework.security.web.authentication.UsernamePasswordAuthenticationFilter@cab11e1, org.springframework.security.web.savedrequest.RequestCacheAwareFilter@20330153, org.springframework.security.web.servletapi.SecurityContextHolderAwareRequestFilter@5d7770fc, org.springframework.security.web.authentication.AnonymousAuthenticationFilter@670ae7df, org.springframework.security.web.session.SessionManagementFilter@2c80739b, org.springframework.security.web.access.ExceptionTranslationFilter@6c8b1626, org.springframework.security.web.access.intercept.FilterSecurityInterceptor@6d76df03]
2021-09-21 03:15:27.040  INFO 13868 --- [main] c.r.e.service.TestUsuarioService         : Started TestUsuarioService in 1.511 seconds (JVM running for 21.004)
2021-09-21 03:15:27.080  INFO 13868 --- [SpringApplicationShutdownHook] j.LocalContainerEntityManagerFactoryBean : Closing JPA EntityManagerFactory for persistence unit 'default'
2021-09-21 03:15:27.085  INFO 13868 --- [SpringApplicationShutdownHook] com.zaxxer.hikari.HikariDataSource       : HikariPool-1 - Shutdown initiated...
2021-09-21 03:15:27.101  INFO 13868 --- [SpringApplicationShutdownHook] com.zaxxer.hikari.HikariDataSource       : HikariPool-1 - Shutdown completed.
2021-09-21 03:15:27.105  INFO 13868 --- [SpringApplicationShutdownHook] j.LocalContainerEntityManagerFactoryBean : Closing JPA EntityManagerFactory for persistence unit 'default'
2021-09-21 03:15:27.106  INFO 13868 --- [SpringApplicationShutdownHook] com.zaxxer.hikari.HikariDataSource       : HikariPool-2 - Shutdown initiated...
2021-09-21 03:15:27.115  INFO 13868 --- [SpringApplicationShutdownHook] com.zaxxer.hikari.HikariDataSource       : HikariPool-2 - Shutdown completed.
2021-09-21 03:15:27.118  INFO 13868 --- [SpringApplicationShutdownHook] j.LocalContainerEntityManagerFactoryBean : Closing JPA EntityManagerFactory for persistence unit 'default'
2021-09-21 03:15:27.119  INFO 13868 --- [SpringApplicationShutdownHook] com.zaxxer.hikari.HikariDataSource       : HikariPool-3 - Shutdown initiated...
2021-09-21 03:15:27.122  INFO 13868 --- [SpringApplicationShutdownHook] com.zaxxer.hikari.HikariDataSource       : HikariPool-3 - Shutdown completed.
2021-09-21 03:15:27.126  INFO 13868 --- [SpringApplicationShutdownHook] j.LocalContainerEntityManagerFactoryBean : Closing JPA EntityManagerFactory for persistence unit 'default'
2021-09-21 03:15:27.127  INFO 13868 --- [SpringApplicationShutdownHook] com.zaxxer.hikari.HikariDataSource       : HikariPool-4 - Shutdown initiated...
2021-09-21 03:15:27.131  INFO 13868 --- [SpringApplicationShutdownHook] com.zaxxer.hikari.HikariDataSource       : HikariPool-4 - Shutdown completed.
2021-09-21 03:15:27.133  INFO 13868 --- [SpringApplicationShutdownHook] j.LocalContainerEntityManagerFactoryBean : Closing JPA EntityManagerFactory for persistence unit 'default'
2021-09-21 03:15:27.134  INFO 13868 --- [SpringApplicationShutdownHook] com.zaxxer.hikari.HikariDataSource       : HikariPool-5 - Shutdown initiated...
2021-09-21 03:15:27.138  INFO 13868 --- [SpringApplicationShutdownHook] com.zaxxer.hikari.HikariDataSource       : HikariPool-5 - Shutdown completed.
